<?xml version="1.0" encoding="UTF-8"?>
<!--
  ~ Copyright (c) 2008-2016 Haulmont. All rights reserved.
  ~ Use is subject to license terms, see http://www.cuba-platform.com/commercial-software-license for details.
  -->

<beans xmlns="http://www.springframework.org/schema/beans"
       xmlns:xsi="http://www.w3.org/2001/XMLSchema-instance"
       xsi:schemaLocation="http://www.springframework.org/schema/beans
        http://www.springframework.org/schema/beans/spring-beans-4.3.xsd">

    <bean id="cuba_UserSessionSource" class="com.haulmont.bpm.testsupport.BpmTestUserSessionSource"/>

    <bean id="cuba_MBeanExporter" class="com.haulmont.cuba.testsupport.TestMBeanExporter"/>
    <bean id="cuba_MailSender" class="com.haulmont.cuba.testsupport.TestMailSender"/>
    <bean id="cuba_Emailer" class="com.haulmont.cuba.testsupport.TestEmailer"/>
    <bean id="mailSendTaskExecutor" class="org.springframework.core.task.SyncTaskExecutor"/>
</beans>
